federation enabled, host is lemmy-alpha
Starting http server at 0.0.0.0:8536
2023-07-03T17:29:09.335716Z  WARN lemmy_server::root_span_builder: EOF while parsing a value at line 1 column 0
   0: activitypub_federation::fetch::object_id::dereference
           with self=http://reddit.com.localhost:5313/r/pokemontrades/comments/z97xu1/lf_iron_valiant_ft_all_scarlet_paradox_no_roaring/iyff3m8/
             at /home/md/activitypub-federation-rust/src/fetch/object_id.rs:110
   1: lemmy_apub::protocol::activities::create_or_update::note::community
           with id=http://reddit.com.localhost:5313/activity-create/r/pokemontrades/comments/z97xu1/lf_iron_valiant_ft_all_scarlet_paradox_no_roaring/iyff48a/ object_id=http://reddit.com.localhost:5313/r/pokemontrades/comments/z97xu1/lf_iron_valiant_ft_all_scarlet_paradox_no_roaring/iyff48a/
             at crates/apub/src/protocol/activities/create_or_update/note.rs:37
   2: lemmy_apub::activity_lists::community
             at crates/apub/src/activity_lists.rs:113
   3: lemmy_apub::activities::community::announce::receive
             at crates/apub/src/activities/community/announce.rs:46
   4: lemmy_server::root_span_builder::HTTP request
           with http.method=POST http.scheme="http" http.host=lemmy.localhost:8536 http.target=/inbox otel.kind="server" request_id=52d71811-7c1d-4a99-857d-0cd1fd9d9fe2
             at src/root_span_builder.rs:16
2023-07-03T17:29:09.687231Z  WARN lemmy_server::root_span_builder: EOF while parsing a value at line 1 column 0
   0: activitypub_federation::fetch::object_id::dereference
           with self=http://reddit.com.localhost:5313/r/KUWTK/comments/z97w3u/stormi_and_her_nanny/iyff8ce/
             at /home/md/activitypub-federation-rust/src/fetch/object_id.rs:110
   1: lemmy_apub::protocol::activities::create_or_update::note::community
           with id=http://reddit.com.localhost:5313/activity-create/r/KUWTK/comments/z97w3u/stormi_and_her_nanny/iyff8dv/ object_id=http://reddit.com.localhost:5313/r/KUWTK/comments/z97w3u/stormi_and_her_nanny/iyff8dv/
             at crates/apub/src/protocol/activities/create_or_update/note.rs:37
   2: lemmy_apub::activity_lists::community
             at crates/apub/src/activity_lists.rs:113
   3: lemmy_apub::activities::community::announce::receive
             at crates/apub/src/activities/community/announce.rs:46
   4: lemmy_server::root_span_builder::HTTP request
           with http.method=POST http.scheme="http" http.host=lemmy.localhost:8536 http.target=/inbox otel.kind="server" request_id=e212b3ee-7028-4579-b94a-b250d778e19c
             at src/root_span_builder.rs:16
2023-07-03T17:29:11.532365Z  WARN lemmy_server::root_span_builder: EOF while parsing a value at line 1 column 0
   0: activitypub_federation::fetch::object_id::dereference
           with self=http://reddit.com.localhost:5313/r/interestingasfuck/comments/z97zix/world_cup_fifa_augmented_reality_in_action/iyfft7s/
             at /home/md/activitypub-federation-rust/src/fetch/object_id.rs:110
   1: lemmy_apub::protocol::activities::create_or_update::note::community
           with id=http://reddit.com.localhost:5313/activity-create/r/interestingasfuck/comments/z97zix/world_cup_fifa_augmented_reality_in_action/iyfftfh/ object_id=http://reddit.com.localhost:5313/r/interestingasfuck/comments/z97zix/world_cup_fifa_augmented_reality_in_action/iyfftfh/
             at crates/apub/src/protocol/activities/create_or_update/note.rs:37
   2: lemmy_apub::activity_lists::community
             at crates/apub/src/activity_lists.rs:113
   3: lemmy_apub::activities::community::announce::receive
             at crates/apub/src/activities/community/announce.rs:46
   4: lemmy_server::root_span_builder::HTTP request
           with http.method=POST http.scheme="http" http.host=lemmy.localhost:8536 http.target=/inbox otel.kind="server" request_id=91058163-10dd-4069-8547-025a3171786e
             at src/root_span_builder.rs:16
2023-07-03T17:29:11.549188Z  WARN lemmy_server::root_span_builder: EOF while parsing a value at line 1 column 0
   0: activitypub_federation::fetch::object_id::dereference
           with self=http://reddit.com.localhost:5313/r/BrainFog/comments/z97zoa/my_doctor_has_found_my_cause/iyffu1e/
             at /home/md/activitypub-federation-rust/src/fetch/object_id.rs:110
   1: lemmy_apub::protocol::activities::create_or_update::note::community
           with id=http://reddit.com.localhost:5313/activity-create/r/BrainFog/comments/z97zoa/my_doctor_has_found_my_cause/iyffu25/ object_id=http://reddit.com.localhost:5313/r/BrainFog/comments/z97zoa/my_doctor_has_found_my_cause/iyffu25/
             at crates/apub/src/protocol/activities/create_or_update/note.rs:37
   2: lemmy_apub::activity_lists::community
             at crates/apub/src/activity_lists.rs:113
   3: lemmy_apub::activities::community::announce::receive
             at crates/apub/src/activities/community/announce.rs:46
   4: lemmy_server::root_span_builder::HTTP request
           with http.method=POST http.scheme="http" http.host=lemmy.localhost:8536 http.target=/inbox otel.kind="server" request_id=d6f90c5d-d2dc-488d-a945-584ddd15868a
             at src/root_span_builder.rs:16
2023-07-03T17:29:11.992567Z  WARN lemmy_server::root_span_builder: EOF while parsing a value at line 1 column 0
   0: activitypub_federation::fetch::object_id::dereference
           with self=http://reddit.com.localhost:5313/r/FreeKarma4You/comments/z982u9/im_sending_my_nudes_to_anyone_who_upvote_me_hmu/iyffy9s/
             at /home/md/activitypub-federation-rust/src/fetch/object_id.rs:110
   1: lemmy_apub::protocol::activities::create_or_update::note::community
           with id=http://reddit.com.localhost:5313/activity-create/r/FreeKarma4You/comments/z982u9/im_sending_my_nudes_to_anyone_who_upvote_me_hmu/iyffyno/ object_id=http://reddit.com.localhost:5313/r/FreeKarma4You/comments/z982u9/im_sending_my_nudes_to_anyone_who_upvote_me_hmu/iyffyno/
             at crates/apub/src/protocol/activities/create_or_update/note.rs:37
   2: lemmy_apub::activity_lists::community
             at crates/apub/src/activity_lists.rs:113
   3: lemmy_apub::activities::community::announce::receive
             at crates/apub/src/activities/community/announce.rs:46
   4: lemmy_server::root_span_builder::HTTP request
           with http.method=POST http.scheme="http" http.host=lemmy.localhost:8536 http.target=/inbox otel.kind="server" request_id=813f959e-7ea1-40fb-8f78-b163eef744bd
             at src/root_span_builder.rs:16
2023-07-03T17:29:13.548166Z  WARN lemmy_server::root_span_builder: EOF while parsing a value at line 1 column 0
   0: activitypub_federation::fetch::object_id::dereference
           with self=http://reddit.com.localhost:5313/r/saskatchewan/comments/z97y69/in_honour_of_the_saskatchewan_first_act_the/iyfgfdx/
             at /home/md/activitypub-federation-rust/src/fetch/object_id.rs:110
   1: lemmy_apub::protocol::activities::create_or_update::note::community
           with id=http://reddit.com.localhost:5313/activity-create/r/saskatchewan/comments/z97y69/in_honour_of_the_saskatchewan_first_act_the/iyfgffp/ object_id=http://reddit.com.localhost:5313/r/saskatchewan/comments/z97y69/in_honour_of_the_saskatchewan_first_act_the/iyfgffp/
             at crates/apub/src/protocol/activities/create_or_update/note.rs:37
   2: lemmy_apub::activity_lists::community
             at crates/apub/src/activity_lists.rs:113
   3: lemmy_apub::activities::community::announce::receive
             at crates/apub/src/activities/community/announce.rs:46
   4: lemmy_server::root_span_builder::HTTP request
           with http.method=POST http.scheme="http" http.host=lemmy.localhost:8536 http.target=/inbox otel.kind="server" request_id=47476736-0fab-4e12-90e2-840d43fce3a5
             at src/root_span_builder.rs:16
2023-07-03T17:29:14.366633Z  WARN lemmy_server::root_span_builder: EOF while parsing a value at line 1 column 0
   0: activitypub_federation::fetch::object_id::dereference
           with self=http://reddit.com.localhost:5313/r/pokemontrades/comments/z98103/lf_scyther_w_metal_coat_ft_scyther_w_metal_coat/iyfgnc3/
             at /home/md/activitypub-federation-rust/src/fetch/object_id.rs:110
   1: lemmy_apub::protocol::activities::create_or_update::note::community
           with id=http://reddit.com.localhost:5313/activity-create/r/pokemontrades/comments/z98103/lf_scyther_w_metal_coat_ft_scyther_w_metal_coat/iyfgnh2/ object_id=http://reddit.com.localhost:5313/r/pokemontrades/comments/z98103/lf_scyther_w_metal_coat_ft_scyther_w_metal_coat/iyfgnh2/
             at crates/apub/src/protocol/activities/create_or_update/note.rs:37
   2: lemmy_apub::activity_lists::community
             at crates/apub/src/activity_lists.rs:113
   3: lemmy_apub::activities::community::announce::receive
             at crates/apub/src/activities/community/announce.rs:46
   4: lemmy_server::root_span_builder::HTTP request
           with http.method=POST http.scheme="http" http.host=lemmy.localhost:8536 http.target=/inbox otel.kind="server" request_id=e6509be5-6606-4b8d-ae31-6ca80686c525
             at src/root_span_builder.rs:16
2023-07-03T17:29:14.428567Z  WARN lemmy_server::root_span_builder: EOF while parsing a value at line 1 column 0
   0: activitypub_federation::fetch::object_id::dereference
           with self=http://reddit.com.localhost:5313/r/Nofans/comments/z981av/anybody_have_a_thing_for_overalls/iyfgnrs/
             at /home/md/activitypub-federation-rust/src/fetch/object_id.rs:110
   1: lemmy_apub::protocol::activities::create_or_update::note::community
           with id=http://reddit.com.localhost:5313/activity-create/r/Nofans/comments/z981av/anybody_have_a_thing_for_overalls/iyfgnt8/ object_id=http://reddit.com.localhost:5313/r/Nofans/comments/z981av/anybody_have_a_thing_for_overalls/iyfgnt8/
             at crates/apub/src/protocol/activities/create_or_update/note.rs:37
   2: lemmy_apub::activity_lists::community
             at crates/apub/src/activity_lists.rs:113
   3: lemmy_apub::activities::community::announce::receive
             at crates/apub/src/activities/community/announce.rs:46
   4: lemmy_server::root_span_builder::HTTP request
           with http.method=POST http.scheme="http" http.host=lemmy.localhost:8536 http.target=/inbox otel.kind="server" request_id=273c4446-451d-4044-9524-19aeab54924d
             at src/root_span_builder.rs:16
2023-07-03T17:29:14.679267Z  WARN lemmy_server::root_span_builder: EOF while parsing a value at line 1 column 0
   0: activitypub_federation::fetch::object_id::dereference
           with self=http://reddit.com.localhost:5313/r/Nofans/comments/z987sg/this_is_what_you_could_have_if_i_was_at_your_party/iyfgq00/
             at /home/md/activitypub-federation-rust/src/fetch/object_id.rs:110
   1: lemmy_apub::protocol::activities::create_or_update::note::community
           with id=http://reddit.com.localhost:5313/activity-create/r/Nofans/comments/z987sg/this_is_what_you_could_have_if_i_was_at_your_party/iyfgq1u/ object_id=http://reddit.com.localhost:5313/r/Nofans/comments/z987sg/this_is_what_you_could_have_if_i_was_at_your_party/iyfgq1u/
             at crates/apub/src/protocol/activities/create_or_update/note.rs:37
   2: lemmy_apub::activity_lists::community
             at crates/apub/src/activity_lists.rs:113
   3: lemmy_apub::activities::community::announce::receive
             at crates/apub/src/activities/community/announce.rs:46
   4: lemmy_server::root_span_builder::HTTP request
           with http.method=POST http.scheme="http" http.host=lemmy.localhost:8536 http.target=/inbox otel.kind="server" request_id=c5024a7e-c630-4d98-aff9-7b166be1ab84
             at src/root_span_builder.rs:16
2023-07-03T17:29:14.804548Z  WARN lemmy_server::root_span_builder: EOF while parsing a value at line 1 column 0
   0: activitypub_federation::fetch::object_id::dereference
           with self=http://reddit.com.localhost:5313/r/WouldYouFuckMyWife/comments/z983a5/how_many_times_a_day_would_you_fuck_my_wife/iyfgqym/
             at /home/md/activitypub-federation-rust/src/fetch/object_id.rs:110
   1: lemmy_apub::protocol::activities::create_or_update::note::community
           with id=http://reddit.com.localhost:5313/activity-create/r/WouldYouFuckMyWife/comments/z983a5/how_many_times_a_day_would_you_fuck_my_wife/iyfgr0s/ object_id=http://reddit.com.localhost:5313/r/WouldYouFuckMyWife/comments/z983a5/how_many_times_a_day_would_you_fuck_my_wife/iyfgr0s/
             at crates/apub/src/protocol/activities/create_or_update/note.rs:37
   2: lemmy_apub::activity_lists::community
             at crates/apub/src/activity_lists.rs:113
   3: lemmy_apub::activities::community::announce::receive
             at crates/apub/src/activities/community/announce.rs:46
   4: lemmy_server::root_span_builder::HTTP request
           with http.method=POST http.scheme="http" http.host=lemmy.localhost:8536 http.target=/inbox otel.kind="server" request_id=8bf8efea-4b21-49e9-947d-7b570d23a35e
             at src/root_span_builder.rs:16
2023-07-03T17:29:16.184278Z  WARN lemmy_server::root_span_builder: value too long for type character varying(255)
   0: lemmy_apub::objects::post::from_json
             at crates/apub/src/objects/post.rs:165
   1: lemmy_apub::activities::create_or_update::post::receive
             at crates/apub/src/activities/create_or_update/post.rs:179
   2: lemmy_apub::activities::community::announce::receive
             at crates/apub/src/activities/community/announce.rs:46
   3: lemmy_server::root_span_builder::HTTP request
           with http.method=POST http.scheme="http" http.host=lemmy.localhost:8536 http.target=/inbox otel.kind="server" request_id=35118938-8571-4153-96f2-c9ac2ea8d9f2
             at src/root_span_builder.rs:16
2023-07-03T17:29:17.036208Z  WARN lemmy_server::root_span_builder: EOF while parsing a value at line 1 column 0
   0: activitypub_federation::fetch::object_id::dereference
           with self=http://reddit.com.localhost:5313/r/NoahGetTheBoat/comments/z988b4/removed_by_reddit/iyfh958/
             at /home/md/activitypub-federation-rust/src/fetch/object_id.rs:110
   1: lemmy_apub::protocol::activities::create_or_update::note::community
           with id=http://reddit.com.localhost:5313/activity-create/r/NoahGetTheBoat/comments/z988b4/removed_by_reddit/iyfh96q/ object_id=http://reddit.com.localhost:5313/r/NoahGetTheBoat/comments/z988b4/removed_by_reddit/iyfh96q/
             at crates/apub/src/protocol/activities/create_or_update/note.rs:37
   2: lemmy_apub::activity_lists::community
             at crates/apub/src/activity_lists.rs:113
   3: lemmy_apub::activities::community::announce::receive
             at crates/apub/src/activities/community/announce.rs:46
   4: lemmy_server::root_span_builder::HTTP request
           with http.method=POST http.scheme="http" http.host=lemmy.localhost:8536 http.target=/inbox otel.kind="server" request_id=b7f64307-1909-4803-a093-9e2a4a3d8639
             at src/root_span_builder.rs:16
2023-07-03T17:29:17.715003Z  WARN lemmy_server::root_span_builder: value too long for type character varying(255)
   0: lemmy_apub::objects::post::from_json
             at crates/apub/src/objects/post.rs:165
   1: lemmy_apub::activities::create_or_update::post::receive
             at crates/apub/src/activities/create_or_update/post.rs:179
   2: lemmy_apub::activities::community::announce::receive
             at crates/apub/src/activities/community/announce.rs:46
   3: lemmy_server::root_span_builder::HTTP request
           with http.method=POST http.scheme="http" http.host=lemmy.localhost:8536 http.target=/inbox otel.kind="server" request_id=34b589f4-826f-49dc-bd41-0ee4f7fdec12
             at src/root_span_builder.rs:16
2023-07-03T17:29:17.887596Z  WARN lemmy_server::root_span_builder: EOF while parsing a value at line 1 column 0
   0: activitypub_federation::fetch::object_id::dereference
           with self=http://reddit.com.localhost:5313/r/DeutscheNSFW/comments/z98ea4/auf_dir_sitzen/iyfhgdb/
             at /home/md/activitypub-federation-rust/src/fetch/object_id.rs:110
   1: lemmy_apub::protocol::activities::create_or_update::note::community
           with id=http://reddit.com.localhost:5313/activity-create/r/DeutscheNSFW/comments/z98ea4/auf_dir_sitzen/iyfhgfb/ object_id=http://reddit.com.localhost:5313/r/DeutscheNSFW/comments/z98ea4/auf_dir_sitzen/iyfhgfb/
             at crates/apub/src/protocol/activities/create_or_update/note.rs:37
   2: lemmy_apub::activity_lists::community
             at crates/apub/src/activity_lists.rs:113
   3: lemmy_apub::activities::community::announce::receive
             at crates/apub/src/activities/community/announce.rs:46
   4: lemmy_server::root_span_builder::HTTP request
           with http.method=POST http.scheme="http" http.host=lemmy.localhost:8536 http.target=/inbox otel.kind="server" request_id=ef333e1b-9ef4-471e-9616-670f7302bb14
             at src/root_span_builder.rs:16
2023-07-03T17:29:17.951036Z  WARN lemmy_server::root_span_builder: EOF while parsing a value at line 1 column 0
   0: activitypub_federation::fetch::object_id::dereference
           with self=http://reddit.com.localhost:5313/r/perfectlycutscreams/comments/z98el4/thought_this_might_belong_here/iyfhgvo/
             at /home/md/activitypub-federation-rust/src/fetch/object_id.rs:110
   1: lemmy_apub::protocol::activities::create_or_update::note::community
           with id=http://reddit.com.localhost:5313/activity-create/r/perfectlycutscreams/comments/z98el4/thought_this_might_belong_here/iyfhh3b/ object_id=http://reddit.com.localhost:5313/r/perfectlycutscreams/comments/z98el4/thought_this_might_belong_here/iyfhh3b/
             at crates/apub/src/protocol/activities/create_or_update/note.rs:37
   2: lemmy_apub::activity_lists::community
             at crates/apub/src/activity_lists.rs:113
   3: lemmy_apub::activities::community::announce::receive
             at crates/apub/src/activities/community/announce.rs:46
   4: lemmy_server::root_span_builder::HTTP request
           with http.method=POST http.scheme="http" http.host=lemmy.localhost:8536 http.target=/inbox otel.kind="server" request_id=fd53aea9-c0a5-449a-8def-cee6998372e9
             at src/root_span_builder.rs:16
2023-07-03T17:29:18.044116Z  WARN lemmy_server::root_span_builder: value too long for type character varying(255)
   0: lemmy_apub::objects::post::from_json
             at crates/apub/src/objects/post.rs:165
   1: lemmy_apub::activities::create_or_update::post::receive
             at crates/apub/src/activities/create_or_update/post.rs:179
   2: lemmy_apub::activities::community::announce::receive
             at crates/apub/src/activities/community/announce.rs:46
   3: lemmy_server::root_span_builder::HTTP request
           with http.method=POST http.scheme="http" http.host=lemmy.localhost:8536 http.target=/inbox otel.kind="server" request_id=11d0f2e2-31ac-4540-a37c-33b3e89abf2f
             at src/root_span_builder.rs:16
2023-07-03T17:29:18.643531Z  WARN lemmy_server::root_span_builder: EOF while parsing a value at line 1 column 0
   0: activitypub_federation::fetch::object_id::dereference
           with self=http://reddit.com.localhost:5313/r/guns/comments/z97xjc/disappointed_in_the_savage_axis_ii/iyfhly1/
             at /home/md/activitypub-federation-rust/src/fetch/object_id.rs:110
   1: lemmy_apub::protocol::activities::create_or_update::note::community
           with id=http://reddit.com.localhost:5313/activity-create/r/guns/comments/z97xjc/disappointed_in_the_savage_axis_ii/iyfhmkv/ object_id=http://reddit.com.localhost:5313/r/guns/comments/z97xjc/disappointed_in_the_savage_axis_ii/iyfhmkv/
             at crates/apub/src/protocol/activities/create_or_update/note.rs:37
   2: lemmy_apub::activity_lists::community
             at crates/apub/src/activity_lists.rs:113
   3: lemmy_apub::activities::community::announce::receive
             at crates/apub/src/activities/community/announce.rs:46
   4: lemmy_server::root_span_builder::HTTP request
           with http.method=POST http.scheme="http" http.host=lemmy.localhost:8536 http.target=/inbox otel.kind="server" request_id=dbdd2bb5-d56d-4647-bdad-2410f62e3709
             at src/root_span_builder.rs:16
2023-07-03T17:29:19.868382Z  WARN lemmy_server::root_span_builder: EOF while parsing a value at line 1 column 0
   0: activitypub_federation::fetch::object_id::dereference
           with self=http://reddit.com.localhost:5313/r/Scams/comments/z988fd/scammer/iyfhv8j/
             at /home/md/activitypub-federation-rust/src/fetch/object_id.rs:110
   1: lemmy_apub::protocol::activities::create_or_update::note::community
           with id=http://reddit.com.localhost:5313/activity-create/r/Scams/comments/z988fd/scammer/iyfhvb4/ object_id=http://reddit.com.localhost:5313/r/Scams/comments/z988fd/scammer/iyfhvb4/
             at crates/apub/src/protocol/activities/create_or_update/note.rs:37
   2: lemmy_apub::activity_lists::community
             at crates/apub/src/activity_lists.rs:113
   3: lemmy_apub::activities::community::announce::receive
             at crates/apub/src/activities/community/announce.rs:46
   4: lemmy_server::root_span_builder::HTTP request
           with http.method=POST http.scheme="http" http.host=lemmy.localhost:8536 http.target=/inbox otel.kind="server" request_id=a78a7f34-5036-4e5d-aa62-958d79b632dc
             at src/root_span_builder.rs:16
2023-07-03T17:29:20.151858Z  WARN lemmy_server::root_span_builder: EOF while parsing a value at line 1 column 0
   0: activitypub_federation::fetch::object_id::dereference
           with self=http://reddit.com.localhost:5313/r/CasualPokemonTrades/comments/z98ezg/violet_tradeback_my_scytherslowpoke_to_get/iyfhx9a/
             at /home/md/activitypub-federation-rust/src/fetch/object_id.rs:110
   1: lemmy_apub::protocol::activities::create_or_update::note::community
           with id=http://reddit.com.localhost:5313/activity-create/r/CasualPokemonTrades/comments/z98ezg/violet_tradeback_my_scytherslowpoke_to_get/iyfhxal/ object_id=http://reddit.com.localhost:5313/r/CasualPokemonTrades/comments/z98ezg/violet_tradeback_my_scytherslowpoke_to_get/iyfhxal/
             at crates/apub/src/protocol/activities/create_or_update/note.rs:37
   2: lemmy_apub::activity_lists::community
             at crates/apub/src/activity_lists.rs:113
   3: lemmy_apub::activities::community::announce::receive
             at crates/apub/src/activities/community/announce.rs:46
   4: lemmy_server::root_span_builder::HTTP request
           with http.method=POST http.scheme="http" http.host=lemmy.localhost:8536 http.target=/inbox otel.kind="server" request_id=3bf027d7-6bc2-457d-b01b-430926a954f9
             at src/root_span_builder.rs:16
2023-07-03T17:29:20.178987Z  WARN lemmy_server::root_span_builder: EOF while parsing a value at line 1 column 0
   0: activitypub_federation::fetch::object_id::dereference
           with self=http://reddit.com.localhost:5313/r/IAmTheMainCharacter/comments/z98hmh/tiktok_influencer_with_over_9_million_followers/iyfhx7e/
             at /home/md/activitypub-federation-rust/src/fetch/object_id.rs:110
   1: lemmy_apub::protocol::activities::create_or_update::note::community
           with id=http://reddit.com.localhost:5313/activity-create/r/IAmTheMainCharacter/comments/z98hmh/tiktok_influencer_with_over_9_million_followers/iyfhxfz/ object_id=http://reddit.com.localhost:5313/r/IAmTheMainCharacter/comments/z98hmh/tiktok_influencer_with_over_9_million_followers/iyfhxfz/
             at crates/apub/src/protocol/activities/create_or_update/note.rs:37
   2: lemmy_apub::activity_lists::community
             at crates/apub/src/activity_lists.rs:113
   3: lemmy_apub::activities::community::announce::receive
             at crates/apub/src/activities/community/announce.rs:46
   4: lemmy_server::root_span_builder::HTTP request
           with http.method=POST http.scheme="http" http.host=lemmy.localhost:8536 http.target=/inbox otel.kind="server" request_id=d10728e5-cdf7-4e6f-8bbc-9ccc886a7ebe
             at src/root_span_builder.rs:16
2023-07-03T17:29:20.943151Z  WARN lemmy_server::root_span_builder: EOF while parsing a value at line 1 column 0
   0: activitypub_federation::fetch::object_id::dereference
           with self=http://reddit.com.localhost:5313/r/real_China_irl/comments/z98g34/%E4%B8%80%E4%B8%AA%E7%96%91%E9%97%AE%E4%BF%9D%E5%AE%89%E6%98%AF%E4%B8%8D%E6%98%AF%E9%BB%91%E7%9A%AE%E5%88%BB%E6%84%8F%E7%95%99%E5%87%BA%E6%9D%A5%E7%9A%84%E7%81%B0%E8%89%B2%E5%9C%B0%E5%B8%A6%E7%94%A8%E6%9D%A5%E5%B9%B2%E4%B8%8D%E6%80%8E%E4%B9%88%E5%85%89%E5%BD%A9%E7%9A%84%E6%B4%BB%E7%9A%84/
             at /home/md/activitypub-federation-rust/src/fetch/object_id.rs:110
   1: lemmy_apub::protocol::activities::create_or_update::note::community
           with id=http://reddit.com.localhost:5313/activity-create/r/real_China_irl/comments/z98g34/%E4%B8%80%E4%B8%AA%E7%96%91%E9%97%AE%E4%BF%9D%E5%AE%89%E6%98%AF%E4%B8%8D%E6%98%AF%E9%BB%91%E7%9A%AE%E5%88%BB%E6%84%8F%E7%95%99%E5%87%BA%E6%9D%A5%E7%9A%84%E7%81%B0%E8%89%B2%E5%9C%B0%E5%B8%A6%E7%94%A8%E6%9D%A5%E5%B9%B2%E4%B8%8D%E6%80%8E%E4%B9%88%E5%85%89%E5%BD%A9%E7%9A%84%E6%B4%BB%E7%9A%84/iyfi1zj/ object_id=http://reddit.com.localhost:5313/r/real_China_irl/comments/z98g34/%E4%B8%80%E4%B8%AA%E7%96%91%E9%97%AE%E4%BF%9D%E5%AE%89%E6%98%AF%E4%B8%8D%E6%98%AF%E9%BB%91%E7%9A%AE%E5%88%BB%E6%84%8F%E7%95%99%E5%87%BA%E6%9D%A5%E7%9A%84%E7%81%B0%E8%89%B2%E5%9C%B0%E5%B8%A6%E7%94%A8%E6%9D%A5%E5%B9%B2%E4%B8%8D%E6%80%8E%E4%B9%88%E5%85%89%E5%BD%A9%E7%9A%84%E6%B4%BB%E7%9A%84/iyfi1zj/
             at crates/apub/src/protocol/activities/create_or_update/note.rs:37
   2: lemmy_apub::activity_lists::community
             at crates/apub/src/activity_lists.rs:113
   3: lemmy_apub::activities::community::announce::receive
             at crates/apub/src/activities/community/announce.rs:46
   4: lemmy_server::root_span_builder::HTTP request
           with http.method=POST http.scheme="http" http.host=lemmy.localhost:8536 http.target=/inbox otel.kind="server" request_id=035559d8-0068-48f1-b75e-0e93a51035fe
             at src/root_span_builder.rs:16
2023-07-03T17:29:21.255337Z  WARN lemmy_server::root_span_builder: EOF while parsing a value at line 1 column 0
   0: activitypub_federation::fetch::object_id::dereference
           with self=http://reddit.com.localhost:5313/r/ukraine/comments/z97yxu/%D0%B7%D1%81%D1%83_are_sending_their_regards_welcome_to_ukraine/iyfi489/
             at /home/md/activitypub-federation-rust/src/fetch/object_id.rs:110
   1: lemmy_apub::protocol::activities::create_or_update::note::community
           with id=http://reddit.com.localhost:5313/activity-create/r/ukraine/comments/z97yxu/%D0%B7%D1%81%D1%83_are_sending_their_regards_welcome_to_ukraine/iyfi49v/ object_id=http://reddit.com.localhost:5313/r/ukraine/comments/z97yxu/%D0%B7%D1%81%D1%83_are_sending_their_regards_welcome_to_ukraine/iyfi49v/
             at crates/apub/src/protocol/activities/create_or_update/note.rs:37
   2: lemmy_apub::activity_lists::community
             at crates/apub/src/activity_lists.rs:113
   3: lemmy_apub::activities::community::announce::receive
             at crates/apub/src/activities/community/announce.rs:46
   4: lemmy_server::root_span_builder::HTTP request
           with http.method=POST http.scheme="http" http.host=lemmy.localhost:8536 http.target=/inbox otel.kind="server" request_id=968a7aa5-5178-44c2-a0b8-62f9a5bfa60e
             at src/root_span_builder.rs:16
2023-07-03T17:29:22.530329Z  WARN lemmy_server::root_span_builder: EOF while parsing a value at line 1 column 0
   0: activitypub_federation::fetch::object_id::dereference
           with self=http://reddit.com.localhost:5313/r/CasualPokemonTrades/comments/z98ezg/violet_tradeback_my_scytherslowpoke_to_get/iyfid4a/
             at /home/md/activitypub-federation-rust/src/fetch/object_id.rs:110
   1: lemmy_apub::protocol::activities::create_or_update::note::community
           with id=http://reddit.com.localhost:5313/activity-create/r/CasualPokemonTrades/comments/z98ezg/violet_tradeback_my_scytherslowpoke_to_get/iyfid55/ object_id=http://reddit.com.localhost:5313/r/CasualPokemonTrades/comments/z98ezg/violet_tradeback_my_scytherslowpoke_to_get/iyfid55/
             at crates/apub/src/protocol/activities/create_or_update/note.rs:37
   2: lemmy_apub::activity_lists::community
             at crates/apub/src/activity_lists.rs:113
   3: lemmy_apub::activities::community::announce::receive
             at crates/apub/src/activities/community/announce.rs:46
   4: lemmy_server::root_span_builder::HTTP request
           with http.method=POST http.scheme="http" http.host=lemmy.localhost:8536 http.target=/inbox otel.kind="server" request_id=b58e7280-19e2-4515-8966-109343738c8b
             at src/root_span_builder.rs:16
2023-07-03T17:29:22.946625Z  WARN lemmy_server::root_span_builder: EOF while parsing a value at line 1 column 0
   0: activitypub_federation::fetch::object_id::dereference
           with self=http://reddit.com.localhost:5313/r/Unexpected/comments/z989l0/finding_love_at_a_trump_rally/iyfife4/
             at /home/md/activitypub-federation-rust/src/fetch/object_id.rs:110
   1: lemmy_apub::protocol::activities::create_or_update::note::community
           with id=http://reddit.com.localhost:5313/activity-create/r/Unexpected/comments/z989l0/finding_love_at_a_trump_rally/iyfifm1/ object_id=http://reddit.com.localhost:5313/r/Unexpected/comments/z989l0/finding_love_at_a_trump_rally/iyfifm1/
             at crates/apub/src/protocol/activities/create_or_update/note.rs:37
   2: lemmy_apub::activity_lists::community
             at crates/apub/src/activity_lists.rs:113
   3: lemmy_apub::activities::community::announce::receive
             at crates/apub/src/activities/community/announce.rs:46
   4: lemmy_server::root_span_builder::HTTP request
           with http.method=POST http.scheme="http" http.host=lemmy.localhost:8536 http.target=/inbox otel.kind="server" request_id=a99d8f4c-da5e-40da-b120-ade4347261ec
             at src/root_span_builder.rs:16
2023-07-03T17:29:23.479587Z  WARN lemmy_server::root_span_builder: EOF while parsing a value at line 1 column 0
   0: activitypub_federation::fetch::object_id::dereference
           with self=http://reddit.com.localhost:5313/r/CryptoCurrency/comments/z98k9v/bitcoin_forks/iyfiihs/
             at /home/md/activitypub-federation-rust/src/fetch/object_id.rs:110
   1: lemmy_apub::protocol::activities::create_or_update::note::community
           with id=http://reddit.com.localhost:5313/activity-create/r/CryptoCurrency/comments/z98k9v/bitcoin_forks/iyfiikc/ object_id=http://reddit.com.localhost:5313/r/CryptoCurrency/comments/z98k9v/bitcoin_forks/iyfiikc/
             at crates/apub/src/protocol/activities/create_or_update/note.rs:37
   2: lemmy_apub::activity_lists::community
             at crates/apub/src/activity_lists.rs:113
   3: lemmy_apub::activities::community::announce::receive
             at crates/apub/src/activities/community/announce.rs:46
   4: lemmy_server::root_span_builder::HTTP request
           with http.method=POST http.scheme="http" http.host=lemmy.localhost:8536 http.target=/inbox otel.kind="server" request_id=ef01817b-58d0-434f-a676-96c72092d660
             at src/root_span_builder.rs:16
2023-07-03T17:29:23.497379Z  WARN lemmy_server::root_span_builder: EOF while parsing a value at line 1 column 0
   0: activitypub_federation::fetch::object_id::dereference
           with self=http://reddit.com.localhost:5313/r/CrossStitch/comments/z97wdb/mod_decembers_monthly_competition_third_annual/iyfiinf/
             at /home/md/activitypub-federation-rust/src/fetch/object_id.rs:110
   1: lemmy_apub::protocol::activities::create_or_update::note::community
           with id=http://reddit.com.localhost:5313/activity-create/r/CrossStitch/comments/z97wdb/mod_decembers_monthly_competition_third_annual/iyfij1n/ object_id=http://reddit.com.localhost:5313/r/CrossStitch/comments/z97wdb/mod_decembers_monthly_competition_third_annual/iyfij1n/
             at crates/apub/src/protocol/activities/create_or_update/note.rs:37
   2: lemmy_apub::activity_lists::community
             at crates/apub/src/activity_lists.rs:113
   3: lemmy_apub::activities::community::announce::receive
             at crates/apub/src/activities/community/announce.rs:46
   4: lemmy_server::root_span_builder::HTTP request
           with http.method=POST http.scheme="http" http.host=lemmy.localhost:8536 http.target=/inbox otel.kind="server" request_id=bb82035f-7e4b-44f7-bee9-8b6f033353be
             at src/root_span_builder.rs:16
2023-07-03T17:29:23.652883Z  WARN lemmy_server::root_span_builder: EOF while parsing a value at line 1 column 0
   0: activitypub_federation::fetch::object_id::dereference
           with self=http://reddit.com.localhost:5313/r/CryptoCurrency/comments/z989q3/ripples_counsel_allegedly_blames_sec_for_blockfi/iyfik3i/
             at /home/md/activitypub-federation-rust/src/fetch/object_id.rs:110
   1: lemmy_apub::protocol::activities::create_or_update::note::community
           with id=http://reddit.com.localhost:5313/activity-create/r/CryptoCurrency/comments/z989q3/ripples_counsel_allegedly_blames_sec_for_blockfi/iyfik4u/ object_id=http://reddit.com.localhost:5313/r/CryptoCurrency/comments/z989q3/ripples_counsel_allegedly_blames_sec_for_blockfi/iyfik4u/
             at crates/apub/src/protocol/activities/create_or_update/note.rs:37
   2: lemmy_apub::activity_lists::community
             at crates/apub/src/activity_lists.rs:113
   3: lemmy_apub::activities::community::announce::receive
             at crates/apub/src/activities/community/announce.rs:46
   4: lemmy_server::root_span_builder::HTTP request
           with http.method=POST http.scheme="http" http.host=lemmy.localhost:8536 http.target=/inbox otel.kind="server" request_id=b744c71f-2c4d-45c5-a5e3-d9127174c326
             at src/root_span_builder.rs:16
2023-07-03T17:29:23.668807Z  WARN lemmy_server::root_span_builder: EOF while parsing a value at line 1 column 0
   0: activitypub_federation::fetch::object_id::dereference
           with self=http://reddit.com.localhost:5313/r/CryptoCurrency/comments/z989q3/ripples_counsel_allegedly_blames_sec_for_blockfi/iyfik4u/
             at /home/md/activitypub-federation-rust/src/fetch/object_id.rs:110
   1: lemmy_apub::protocol::activities::create_or_update::note::community
           with id=http://reddit.com.localhost:5313/activity-create/r/CryptoCurrency/comments/z989q3/ripples_counsel_allegedly_blames_sec_for_blockfi/iyfik5y/ object_id=http://reddit.com.localhost:5313/r/CryptoCurrency/comments/z989q3/ripples_counsel_allegedly_blames_sec_for_blockfi/iyfik5y/
             at crates/apub/src/protocol/activities/create_or_update/note.rs:37
   2: lemmy_apub::activity_lists::community
             at crates/apub/src/activity_lists.rs:113
   3: lemmy_apub::activities::community::announce::receive
             at crates/apub/src/activities/community/announce.rs:46
   4: lemmy_server::root_span_builder::HTTP request
           with http.method=POST http.scheme="http" http.host=lemmy.localhost:8536 http.target=/inbox otel.kind="server" request_id=cf116a4f-7c29-45e3-b0f1-feac30f18d72
             at src/root_span_builder.rs:16
2023-07-03T17:29:23.760313Z  WARN lemmy_server::root_span_builder: EOF while parsing a value at line 1 column 0
   0: activitypub_federation::fetch::object_id::dereference
           with self=http://reddit.com.localhost:5313/r/CryptoCurrency/comments/z989q3/ripples_counsel_allegedly_blames_sec_for_blockfi/iyfik4u/
             at /home/md/activitypub-federation-rust/src/fetch/object_id.rs:110
   1: lemmy_apub::protocol::activities::create_or_update::note::community
           with id=http://reddit.com.localhost:5313/activity-create/r/CryptoCurrency/comments/z989q3/ripples_counsel_allegedly_blames_sec_for_blockfi/iyfikti/ object_id=http://reddit.com.localhost:5313/r/CryptoCurrency/comments/z989q3/ripples_counsel_allegedly_blames_sec_for_blockfi/iyfikti/
             at crates/apub/src/protocol/activities/create_or_update/note.rs:37
   2: lemmy_apub::activity_lists::community
             at crates/apub/src/activity_lists.rs:113
   3: lemmy_apub::activities::community::announce::receive
             at crates/apub/src/activities/community/announce.rs:46
   4: lemmy_server::root_span_builder::HTTP request
           with http.method=POST http.scheme="http" http.host=lemmy.localhost:8536 http.target=/inbox otel.kind="server" request_id=6c397244-7d8f-4a51-9e41-e92de7cfc351
             at src/root_span_builder.rs:16
2023-07-03T17:29:23.870446Z  WARN lemmy_server::root_span_builder: EOF while parsing a value at line 1 column 0
   0: activitypub_federation::fetch::object_id::dereference
           with self=http://reddit.com.localhost:5313/r/CryptoCurrency/comments/z989q3/ripples_counsel_allegedly_blames_sec_for_blockfi/iyfik4u/
             at /home/md/activitypub-federation-rust/src/fetch/object_id.rs:110
   1: lemmy_apub::protocol::activities::create_or_update::note::community
           with id=http://reddit.com.localhost:5313/activity-create/r/CryptoCurrency/comments/z989q3/ripples_counsel_allegedly_blames_sec_for_blockfi/iyfilh5/ object_id=http://reddit.com.localhost:5313/r/CryptoCurrency/comments/z989q3/ripples_counsel_allegedly_blames_sec_for_blockfi/iyfilh5/
             at crates/apub/src/protocol/activities/create_or_update/note.rs:37
   2: lemmy_apub::activity_lists::community
             at crates/apub/src/activity_lists.rs:113
   3: lemmy_apub::activities::community::announce::receive
             at crates/apub/src/activities/community/announce.rs:46
   4: lemmy_server::root_span_builder::HTTP request
           with http.method=POST http.scheme="http" http.host=lemmy.localhost:8536 http.target=/inbox otel.kind="server" request_id=05af5a72-d705-477f-8753-52d610deed29
             at src/root_span_builder.rs:16
2023-07-03T17:29:23.886088Z  WARN lemmy_server::root_span_builder: EOF while parsing a value at line 1 column 0
   0: activitypub_federation::fetch::object_id::dereference
           with self=http://reddit.com.localhost:5313/r/CryptoCurrency/comments/z989q3/ripples_counsel_allegedly_blames_sec_for_blockfi/iyfilik/
             at /home/md/activitypub-federation-rust/src/fetch/object_id.rs:110
   1: lemmy_apub::protocol::activities::create_or_update::note::community
           with id=http://reddit.com.localhost:5313/activity-create/r/CryptoCurrency/comments/z989q3/ripples_counsel_allegedly_blames_sec_for_blockfi/iyfilj9/ object_id=http://reddit.com.localhost:5313/r/CryptoCurrency/comments/z989q3/ripples_counsel_allegedly_blames_sec_for_blockfi/iyfilj9/
             at crates/apub/src/protocol/activities/create_or_update/note.rs:37
   2: lemmy_apub::activity_lists::community
             at crates/apub/src/activity_lists.rs:113
   3: lemmy_apub::activities::community::announce::receive
             at crates/apub/src/activities/community/announce.rs:46
   4: lemmy_server::root_span_builder::HTTP request
           with http.method=POST http.scheme="http" http.host=lemmy.localhost:8536 http.target=/inbox otel.kind="server" request_id=ea009ba1-d9f5-4bf7-a5a2-5db08f7fb369
             at src/root_span_builder.rs:16
2023-07-03T17:29:24.483625Z  WARN lemmy_server::root_span_builder: EOF while parsing a value at line 1 column 0
   0: activitypub_federation::fetch::object_id::dereference
           with self=http://reddit.com.localhost:5313/r/saskatchewan/comments/z97y69/in_honour_of_the_saskatchewan_first_act_the/iyfip3k/
             at /home/md/activitypub-federation-rust/src/fetch/object_id.rs:110
   1: lemmy_apub::protocol::activities::create_or_update::note::community
           with id=http://reddit.com.localhost:5313/activity-create/r/saskatchewan/comments/z97y69/in_honour_of_the_saskatchewan_first_act_the/iyfip5i/ object_id=http://reddit.com.localhost:5313/r/saskatchewan/comments/z97y69/in_honour_of_the_saskatchewan_first_act_the/iyfip5i/
             at crates/apub/src/protocol/activities/create_or_update/note.rs:37
   2: lemmy_apub::activity_lists::community
             at crates/apub/src/activity_lists.rs:113
   3: lemmy_apub::activities::community::announce::receive
             at crates/apub/src/activities/community/announce.rs:46
   4: lemmy_server::root_span_builder::HTTP request
           with http.method=POST http.scheme="http" http.host=lemmy.localhost:8536 http.target=/inbox otel.kind="server" request_id=e3eb89ba-c65c-4765-8990-2ea247fc1a4d
             at src/root_span_builder.rs:16
2023-07-03T17:29:24.542198Z  WARN lemmy_server::root_span_builder: EOF while parsing a value at line 1 column 0
   0: activitypub_federation::fetch::object_id::dereference
           with self=http://reddit.com.localhost:5313/r/Scams/comments/z98mve/is_this_an_employment_scam_they_want_to_send_a/iyfiphc/
             at /home/md/activitypub-federation-rust/src/fetch/object_id.rs:110
   1: lemmy_apub::protocol::activities::create_or_update::note::community
           with id=http://reddit.com.localhost:5313/activity-create/r/Scams/comments/z98mve/is_this_an_employment_scam_they_want_to_send_a/iyfipih/ object_id=http://reddit.com.localhost:5313/r/Scams/comments/z98mve/is_this_an_employment_scam_they_want_to_send_a/iyfipih/
             at crates/apub/src/protocol/activities/create_or_update/note.rs:37
   2: lemmy_apub::activity_lists::community
             at crates/apub/src/activity_lists.rs:113
   3: lemmy_apub::activities::community::announce::receive
             at crates/apub/src/activities/community/announce.rs:46
   4: lemmy_server::root_span_builder::HTTP request
           with http.method=POST http.scheme="http" http.host=lemmy.localhost:8536 http.target=/inbox otel.kind="server" request_id=084133e8-4362-48b7-9fe4-5e19ce60f1f8
             at src/root_span_builder.rs:16
2023-07-03T17:29:24.970156Z  WARN lemmy_server::root_span_builder: EOF while parsing a value at line 1 column 0
   0: activitypub_federation::fetch::object_id::dereference
           with self=http://reddit.com.localhost:5313/r/PlantIdentification/comments/z98iw2/these_small_fruits_that_grow_in_my_neighbors_yard/iyfis2z/
             at /home/md/activitypub-federation-rust/src/fetch/object_id.rs:110
   1: lemmy_apub::protocol::activities::create_or_update::note::community
           with id=http://reddit.com.localhost:5313/activity-create/r/PlantIdentification/comments/z98iw2/these_small_fruits_that_grow_in_my_neighbors_yard/iyfis3k/ object_id=http://reddit.com.localhost:5313/r/PlantIdentification/comments/z98iw2/these_small_fruits_that_grow_in_my_neighbors_yard/iyfis3k/
             at crates/apub/src/protocol/activities/create_or_update/note.rs:37
   2: lemmy_apub::activity_lists::community
             at crates/apub/src/activity_lists.rs:113
   3: lemmy_apub::activities::community::announce::receive
             at crates/apub/src/activities/community/announce.rs:46
   4: lemmy_server::root_span_builder::HTTP request
           with http.method=POST http.scheme="http" http.host=lemmy.localhost:8536 http.target=/inbox otel.kind="server" request_id=b843365a-8d61-4056-879e-84b1741efd09
             at src/root_span_builder.rs:16
2023-07-03T17:29:25.142342Z  WARN lemmy_server::root_span_builder: EOF while parsing a value at line 1 column 0
   0: activitypub_federation::fetch::object_id::dereference
           with self=http://reddit.com.localhost:5313/r/WouldYouFuckMyWife/comments/z98k0k/who_would_fuck_my_sexy_latina_wife/iyfit7i/
             at /home/md/activitypub-federation-rust/src/fetch/object_id.rs:110
   1: lemmy_apub::protocol::activities::create_or_update::note::community
           with id=http://reddit.com.localhost:5313/activity-create/r/WouldYouFuckMyWife/comments/z98k0k/who_would_fuck_my_sexy_latina_wife/iyfit91/ object_id=http://reddit.com.localhost:5313/r/WouldYouFuckMyWife/comments/z98k0k/who_would_fuck_my_sexy_latina_wife/iyfit91/
             at crates/apub/src/protocol/activities/create_or_update/note.rs:37
   2: lemmy_apub::activity_lists::community
             at crates/apub/src/activity_lists.rs:113
   3: lemmy_apub::activities::community::announce::receive
             at crates/apub/src/activities/community/announce.rs:46
   4: lemmy_server::root_span_builder::HTTP request
           with http.method=POST http.scheme="http" http.host=lemmy.localhost:8536 http.target=/inbox otel.kind="server" request_id=5f4ab59d-ca86-44e4-8868-3d0c356aae98
             at src/root_span_builder.rs:16
2023-07-03T17:29:26.413974Z  WARN lemmy_server::root_span_builder: EOF while parsing a value at line 1 column 0
   0: activitypub_federation::fetch::object_id::dereference
           with self=http://reddit.com.localhost:5313/r/MaraikesRoad2Xmas/comments/z98nye/so_what_do_you_boys_like/iyfj04m/
             at /home/md/activitypub-federation-rust/src/fetch/object_id.rs:110
   1: lemmy_apub::protocol::activities::create_or_update::note::community
           with id=http://reddit.com.localhost:5313/activity-create/r/MaraikesRoad2Xmas/comments/z98nye/so_what_do_you_boys_like/iyfj0nc/ object_id=http://reddit.com.localhost:5313/r/MaraikesRoad2Xmas/comments/z98nye/so_what_do_you_boys_like/iyfj0nc/
             at crates/apub/src/protocol/activities/create_or_update/note.rs:37
   2: lemmy_apub::activity_lists::community
             at crates/apub/src/activity_lists.rs:113
   3: lemmy_apub::activities::community::announce::receive
             at crates/apub/src/activities/community/announce.rs:46
   4: lemmy_server::root_span_builder::HTTP request
           with http.method=POST http.scheme="http" http.host=lemmy.localhost:8536 http.target=/inbox otel.kind="server" request_id=87b69771-02a0-4808-a319-457b54baa1ad
             at src/root_span_builder.rs:16
2023-07-03T17:29:26.846114Z  WARN lemmy_server::root_span_builder: EOF while parsing a value at line 1 column 0
   0: activitypub_federation::fetch::object_id::dereference
           with self=http://reddit.com.localhost:5313/r/IAmTheMainCharacter/comments/z98q52/ladies_screams_uncontrollably_because_she_cut/iyfj2ej/
             at /home/md/activitypub-federation-rust/src/fetch/object_id.rs:110
   1: lemmy_apub::protocol::activities::create_or_update::note::community
           with id=http://reddit.com.localhost:5313/activity-create/r/IAmTheMainCharacter/comments/z98q52/ladies_screams_uncontrollably_because_she_cut/iyfj2np/ object_id=http://reddit.com.localhost:5313/r/IAmTheMainCharacter/comments/z98q52/ladies_screams_uncontrollably_because_she_cut/iyfj2np/
             at crates/apub/src/protocol/activities/create_or_update/note.rs:37
   2: lemmy_apub::activity_lists::community
             at crates/apub/src/activity_lists.rs:113
   3: lemmy_apub::activities::community::announce::receive
             at crates/apub/src/activities/community/announce.rs:46
   4: lemmy_server::root_span_builder::HTTP request
           with http.method=POST http.scheme="http" http.host=lemmy.localhost:8536 http.target=/inbox otel.kind="server" request_id=ab20d863-d979-43c5-932f-1f4d39f0045d
             at src/root_span_builder.rs:16
2023-07-03T17:29:27.239713Z  WARN lemmy_server::root_span_builder: EOF while parsing a value at line 1 column 0
   0: activitypub_federation::fetch::object_id::dereference
           with self=http://reddit.com.localhost:5313/r/Buttcoin/comments/z98a20/ftxs_8_billion_lost_is_this_lost_fiat_or_funny/iyfj4ov/
             at /home/md/activitypub-federation-rust/src/fetch/object_id.rs:110
   1: lemmy_apub::protocol::activities::create_or_update::note::community
           with id=http://reddit.com.localhost:5313/activity-create/r/Buttcoin/comments/z98a20/ftxs_8_billion_lost_is_this_lost_fiat_or_funny/iyfj4rd/ object_id=http://reddit.com.localhost:5313/r/Buttcoin/comments/z98a20/ftxs_8_billion_lost_is_this_lost_fiat_or_funny/iyfj4rd/
             at crates/apub/src/protocol/activities/create_or_update/note.rs:37
   2: lemmy_apub::activity_lists::community
             at crates/apub/src/activity_lists.rs:113
   3: lemmy_apub::activities::community::announce::receive
             at crates/apub/src/activities/community/announce.rs:46
   4: lemmy_server::root_span_builder::HTTP request
           with http.method=POST http.scheme="http" http.host=lemmy.localhost:8536 http.target=/inbox otel.kind="server" request_id=acd87a5d-debf-4091-a9f6-bd5214da96c0
             at src/root_span_builder.rs:16
2023-07-03T17:29:27.341062Z  WARN lemmy_server::root_span_builder: EOF while parsing a value at line 1 column 0
   0: activitypub_federation::fetch::object_id::dereference
           with self=http://reddit.com.localhost:5313/r/TikTokCringe/comments/z98pdy/on_point_artist_shows_off_how_he_created_the/iyfj4xx/
             at /home/md/activitypub-federation-rust/src/fetch/object_id.rs:110
   1: lemmy_apub::protocol::activities::create_or_update::note::community
           with id=http://reddit.com.localhost:5313/activity-create/r/TikTokCringe/comments/z98pdy/on_point_artist_shows_off_how_he_created_the/iyfj56v/ object_id=http://reddit.com.localhost:5313/r/TikTokCringe/comments/z98pdy/on_point_artist_shows_off_how_he_created_the/iyfj56v/
             at crates/apub/src/protocol/activities/create_or_update/note.rs:37
   2: lemmy_apub::activity_lists::community
             at crates/apub/src/activity_lists.rs:113
   3: lemmy_apub::activities::community::announce::receive
             at crates/apub/src/activities/community/announce.rs:46
   4: lemmy_server::root_span_builder::HTTP request
           with http.method=POST http.scheme="http" http.host=lemmy.localhost:8536 http.target=/inbox otel.kind="server" request_id=2bf76a16-c137-4345-9d80-68b46893486f
             at src/root_span_builder.rs:16
2023-07-03T17:29:30.149721Z  WARN lemmy_server::root_span_builder: EOF while parsing a value at line 1 column 0
   0: activitypub_federation::fetch::object_id::dereference
           with self=http://reddit.com.localhost:5313/r/Pokemongiveaway/comments/z98fka/9th_sandy_shocks_giveaway_for_violet_players/iyfjjzp/
             at /home/md/activitypub-federation-rust/src/fetch/object_id.rs:110
   1: lemmy_apub::protocol::activities::create_or_update::note::community
           with id=http://reddit.com.localhost:5313/activity-create/r/Pokemongiveaway/comments/z98fka/9th_sandy_shocks_giveaway_for_violet_players/iyfjk5j/ object_id=http://reddit.com.localhost:5313/r/Pokemongiveaway/comments/z98fka/9th_sandy_shocks_giveaway_for_violet_players/iyfjk5j/
             at crates/apub/src/protocol/activities/create_or_update/note.rs:37
   2: lemmy_apub::activity_lists::community
             at crates/apub/src/activity_lists.rs:113
   3: lemmy_apub::activities::community::announce::receive
             at crates/apub/src/activities/community/announce.rs:46
   4: lemmy_server::root_span_builder::HTTP request
           with http.method=POST http.scheme="http" http.host=lemmy.localhost:8536 http.target=/inbox otel.kind="server" request_id=8f2523b2-62da-4a02-87cc-efe3a1e88f99
             at src/root_span_builder.rs:16
2023-07-03T17:29:30.150433Z  WARN lemmy_server::root_span_builder: EOF while parsing a value at line 1 column 0
   0: activitypub_federation::fetch::object_id::dereference
           with self=http://reddit.com.localhost:5313/r/schizoposters/comments/z98sw0/omg_haiiiii_3/iyfjjzl/
             at /home/md/activitypub-federation-rust/src/fetch/object_id.rs:110
   1: lemmy_apub::protocol::activities::create_or_update::note::community
           with id=http://reddit.com.localhost:5313/activity-create/r/schizoposters/comments/z98sw0/omg_haiiiii_3/iyfjk5o/ object_id=http://reddit.com.localhost:5313/r/schizoposters/comments/z98sw0/omg_haiiiii_3/iyfjk5o/
             at crates/apub/src/protocol/activities/create_or_update/note.rs:37
   2: lemmy_apub::activity_lists::community
             at crates/apub/src/activity_lists.rs:113
   3: lemmy_apub::activities::community::announce::receive
             at crates/apub/src/activities/community/announce.rs:46
   4: lemmy_server::root_span_builder::HTTP request
           with http.method=POST http.scheme="http" http.host=lemmy.localhost:8536 http.target=/inbox otel.kind="server" request_id=849e24bb-bbab-4be5-b2ef-efa9a012c0af
             at src/root_span_builder.rs:16
2023-07-03T17:29:30.356285Z  WARN lemmy_server::root_span_builder: EOF while parsing a value at line 1 column 0
   0: activitypub_federation::fetch::object_id::dereference
           with self=http://reddit.com.localhost:5313/r/socialskills/comments/z98nnn/28m_never_dated_scared_to_ask_women_out_because_i/iyfjlep/
             at /home/md/activitypub-federation-rust/src/fetch/object_id.rs:110
   1: lemmy_apub::protocol::activities::create_or_update::note::community
           with id=http://reddit.com.localhost:5313/activity-create/r/socialskills/comments/z98nnn/28m_never_dated_scared_to_ask_women_out_because_i/iyfjlgf/ object_id=http://reddit.com.localhost:5313/r/socialskills/comments/z98nnn/28m_never_dated_scared_to_ask_women_out_because_i/iyfjlgf/
             at crates/apub/src/protocol/activities/create_or_update/note.rs:37
   2: lemmy_apub::activity_lists::community
             at crates/apub/src/activity_lists.rs:113
   3: lemmy_apub::activities::community::announce::receive
             at crates/apub/src/activities/community/announce.rs:46
   4: lemmy_server::root_span_builder::HTTP request
           with http.method=POST http.scheme="http" http.host=lemmy.localhost:8536 http.target=/inbox otel.kind="server" request_id=afdf04ee-6242-415c-97ba-d517b4c7f545
             at src/root_span_builder.rs:16
2023-07-03T17:29:30.443563Z  WARN lemmy_server::root_span_builder: EOF while parsing a value at line 1 column 0
   0: activitypub_federation::fetch::object_id::dereference
           with self=http://reddit.com.localhost:5313/r/GunAccessoriesForSale/comments/z98cvy/wts_slr_g45_magwell_blk_fl/iyfjlvp/
             at /home/md/activitypub-federation-rust/src/fetch/object_id.rs:110
   1: lemmy_apub::protocol::activities::create_or_update::note::community
           with id=http://reddit.com.localhost:5313/activity-create/r/GunAccessoriesForSale/comments/z98cvy/wts_slr_g45_magwell_blk_fl/iyfjlwq/ object_id=http://reddit.com.localhost:5313/r/GunAccessoriesForSale/comments/z98cvy/wts_slr_g45_magwell_blk_fl/iyfjlwq/
             at crates/apub/src/protocol/activities/create_or_update/note.rs:37
   2: lemmy_apub::activity_lists::community
             at crates/apub/src/activity_lists.rs:113
   3: lemmy_apub::activities::community::announce::receive
             at crates/apub/src/activities/community/announce.rs:46
   4: lemmy_server::root_span_builder::HTTP request
           with http.method=POST http.scheme="http" http.host=lemmy.localhost:8536 http.target=/inbox otel.kind="server" request_id=97b02289-1b63-4331-87b0-11c600132b09
             at src/root_span_builder.rs:16
2023-07-03T17:29:30.660059Z  WARN lemmy_server::root_span_builder: EOF while parsing a value at line 1 column 0
   0: activitypub_federation::fetch::object_id::dereference
           with self=http://reddit.com.localhost:5313/r/real_China_irl/comments/z98g34/%E4%B8%80%E4%B8%AA%E7%96%91%E9%97%AE%E4%BF%9D%E5%AE%89%E6%98%AF%E4%B8%8D%E6%98%AF%E9%BB%91%E7%9A%AE%E5%88%BB%E6%84%8F%E7%95%99%E5%87%BA%E6%9D%A5%E7%9A%84%E7%81%B0%E8%89%B2%E5%9C%B0%E5%B8%A6%E7%94%A8%E6%9D%A5%E5%B9%B2%E4%B8%8D%E6%80%8E%E4%B9%88%E5%85%89%E5%BD%A9%E7%9A%84%E6%B4%BB%E7%9A%84/
             at /home/md/activitypub-federation-rust/src/fetch/object_id.rs:110
   1: lemmy_apub::protocol::activities::create_or_update::note::community
           with id=http://reddit.com.localhost:5313/activity-create/r/real_China_irl/comments/z98g34/%E4%B8%80%E4%B8%AA%E7%96%91%E9%97%AE%E4%BF%9D%E5%AE%89%E6%98%AF%E4%B8%8D%E6%98%AF%E9%BB%91%E7%9A%AE%E5%88%BB%E6%84%8F%E7%95%99%E5%87%BA%E6%9D%A5%E7%9A%84%E7%81%B0%E8%89%B2%E5%9C%B0%E5%B8%A6%E7%94%A8%E6%9D%A5%E5%B9%B2%E4%B8%8D%E6%80%8E%E4%B9%88%E5%85%89%E5%BD%A9%E7%9A%84%E6%B4%BB%E7%9A%84/iyfjmy1/ object_id=http://reddit.com.localhost:5313/r/real_China_irl/comments/z98g34/%E4%B8%80%E4%B8%AA%E7%96%91%E9%97%AE%E4%BF%9D%E5%AE%89%E6%98%AF%E4%B8%8D%E6%98%AF%E9%BB%91%E7%9A%AE%E5%88%BB%E6%84%8F%E7%95%99%E5%87%BA%E6%9D%A5%E7%9A%84%E7%81%B0%E8%89%B2%E5%9C%B0%E5%B8%A6%E7%94%A8%E6%9D%A5%E5%B9%B2%E4%B8%8D%E6%80%8E%E4%B9%88%E5%85%89%E5%BD%A9%E7%9A%84%E6%B4%BB%E7%9A%84/iyfjmy1/
             at crates/apub/src/protocol/activities/create_or_update/note.rs:37
   2: lemmy_apub::activity_lists::community
             at crates/apub/src/activity_lists.rs:113
   3: lemmy_apub::activities::community::announce::receive
             at crates/apub/src/activities/community/announce.rs:46
   4: lemmy_server::root_span_builder::HTTP request
           with http.method=POST http.scheme="http" http.host=lemmy.localhost:8536 http.target=/inbox otel.kind="server" request_id=c0aa7478-6a6c-471c-b02a-de77b27d1135
             at src/root_span_builder.rs:16
2023-07-03T17:29:30.844386Z  WARN lemmy_server::root_span_builder: EOF while parsing a value at line 1 column 0
   0: activitypub_federation::fetch::object_id::dereference
           with self=http://reddit.com.localhost:5313/r/pakistan/comments/z98m08/a_depressing_realization_as_an_osp/iyfjo4c/
             at /home/md/activitypub-federation-rust/src/fetch/object_id.rs:110
   1: lemmy_apub::protocol::activities::create_or_update::note::community
           with id=http://reddit.com.localhost:5313/activity-create/r/pakistan/comments/z98m08/a_depressing_realization_as_an_osp/iyfjo5v/ object_id=http://reddit.com.localhost:5313/r/pakistan/comments/z98m08/a_depressing_realization_as_an_osp/iyfjo5v/
             at crates/apub/src/protocol/activities/create_or_update/note.rs:37
   2: lemmy_apub::activity_lists::community
             at crates/apub/src/activity_lists.rs:113
   3: lemmy_apub::activities::community::announce::receive
             at crates/apub/src/activities/community/announce.rs:46
   4: lemmy_server::root_span_builder::HTTP request
           with http.method=POST http.scheme="http" http.host=lemmy.localhost:8536 http.target=/inbox otel.kind="server" request_id=5c747fe2-499a-4ff4-a1ce-3c55189d51ab
             at src/root_span_builder.rs:16
2023-07-03T17:29:32.027016Z  WARN lemmy_server::root_span_builder: EOF while parsing a value at line 1 column 0
   0: activitypub_federation::fetch::object_id::dereference
           with self=http://reddit.com.localhost:5313/r/TikTokCringe/comments/z98ucc/ole_boy_snitched_on_everybody_when_the_snacks_hit/iyfju77/
             at /home/md/activitypub-federation-rust/src/fetch/object_id.rs:110
   1: lemmy_apub::protocol::activities::create_or_update::note::community
           with id=http://reddit.com.localhost:5313/activity-create/r/TikTokCringe/comments/z98ucc/ole_boy_snitched_on_everybody_when_the_snacks_hit/iyfjugm/ object_id=http://reddit.com.localhost:5313/r/TikTokCringe/comments/z98ucc/ole_boy_snitched_on_everybody_when_the_snacks_hit/iyfjugm/
             at crates/apub/src/protocol/activities/create_or_update/note.rs:37
   2: lemmy_apub::activity_lists::community
             at crates/apub/src/activity_lists.rs:113
   3: lemmy_apub::activities::community::announce::receive
             at crates/apub/src/activities/community/announce.rs:46
   4: lemmy_server::root_span_builder::HTTP request
           with http.method=POST http.scheme="http" http.host=lemmy.localhost:8536 http.target=/inbox otel.kind="server" request_id=a041d6d4-5096-40ed-9223-b444b0b7afa1
             at src/root_span_builder.rs:16
2023-07-03T17:30:15.723264Z  WARN lemmy_server::root_span_builder: EOF while parsing a value at line 1 column 0
   0: activitypub_federation::fetch::object_id::dereference
           with self=http://reddit.com.localhost:5313/r/pokemontrades/comments/z97xu1/lf_iron_valiant_ft_all_scarlet_paradox_no_roaring/iyff48a/
             at /home/md/activitypub-federation-rust/src/fetch/object_id.rs:110
   1: lemmy_apub::protocol::activities::voting::vote::community
             at crates/apub/src/protocol/activities/voting/vote.rs:55
   2: lemmy_apub::activity_lists::community
             at crates/apub/src/activity_lists.rs:113
   3: lemmy_apub::activities::community::announce::receive
             at crates/apub/src/activities/community/announce.rs:46
   4: lemmy_server::root_span_builder::HTTP request
           with http.method=POST http.scheme="http" http.host=lemmy.localhost:8536 http.target=/inbox otel.kind="server" request_id=b951def0-8d2e-474d-aa0f-c99848f5ae65
             at src/root_span_builder.rs:16
